# This file was automatically created by FeynRules 2.3.31
# Mathematica version: 12.1.1 for Mac OS X x86 (64-bit) (June 19, 2020)
# Date: Fri 17 Mar 2023 10:19:19


# 
# This is the logfile for the model HAHM_variableMW_v5

# Authors: C. Duhr, David Curtin
# Model version: 2.3.31
# Checking the Quantum numbers
   * Electric charge defined.
# Checking the Lagrangians
   * All Lagrangians are ok.
#
# Particle definitions
#

   * No particles removed. All particles correspond to GenInt setup.

# Automatically assigned PDG numbers
   * Assigned PDG number 9000001 to particle ghG


# Compulsory PDG codes:
   * Class SM leptons complete.
   * Class SM neutrinos complete.
   * Class SM quarks complete.
   * Class SM gauge bosons complete.
#
# Parameter definitions
#

   * All parameters are ok.


# Vertices
   * Calling FeynmanRules for 1 Lagrangians.
   * Number of classes vertices: 123
   * Number of flavored vertices: 123
   * Saved vertices in InterfaceRun[ 1 ].
   * Checked QNumber conservation.
      - Quantum number GhostNumber conserved in all vertices.
      - Quantum number LeptonNumber conserved in all vertices.
      - Quantum number Q conserved in all vertices.
   * particles.py written.
   * parameters.py written.
#
# Vertex definitions
#

   * 123 vertices written.
   * vertices.py written.
#
# Lorentz structure definitions
#

   * 22 lorentz structures written.
   * lorentz.py written.
#
# Coupling definitions
#

   * 90 couplings written.
   * couplings.py written.
#
# Coupling order definitions
#

   * 0 couplings orders written.
   * coupling_orders.py written.
#
# Decay definitions
#

   * 14 decays written.
   * decay.py not written
#
# CTCoupling definitions
#

   * 0 CTcouplings written.
   * CT_couplings.py written.
